ýýýýnœÿpýýN|ýllld Býý|rýlýNýýoýl ýýrýlýdýl ýý{ý$ýlýl`ýý{ýpýýýý$l`rlýýýbýýýcýýb|lcýýc|ýýýýllBýpýNý[CONFIGHANDLER] inject config:
{'version': '0.0.9-7', 'nwmd': 'STA', 'extirq': True, 'timirq': True, 'extirqcbf': 'light RGB_toggle', 'boothook': 'light RGB_deinit', 'gmttime': 1, 'devip': '10.
0.1.79', 'soctout': 100, 'appwd': 'ADmin123', 'socport': 9008, 'timirqcbf': 'system heartbeat', 'hwuid': '0x2c0xf40x320x440xcb0xd6', 'staessid': 'elektroncsakpozi
tivan', 'dbg': True, 'timirqseq': 3000, 'devfid': 'Lamp', 'stapwd': 'BNM3,1415', 'pled': True}
[CONFIGHANDLER] Inject default data struct successful
[ socket server ] <<constructor>>
~~~~~ [PROFILING INFO] - [0] AFTER SOCKET SERVER CREATION ~~~~~
stack: 2864 out of 8192
GC: total: 37952, used: 30512, free: 7440
 No. of 1-blocks: 333, 2-blocks: 91, max blk sz: 264, max free sz: 465
~~~~~~~~~~~~~~~~~~~~~~~~~~~~~~
~~~~~ [PROFILING INFO] - [1] MAIN BASELOAD ~~~~~
stack: 2256 out of 8192
GC: total: 37952, used: 30960, free: 6992
 No. of 1-blocks: 353, 2-blocks: 93, max blk sz: 264, max free sz: 437
~~~~~~~~~~~~~~~~~~~~~~~~~~~~~~
[BOOT HOOKS] EXECUTION...
|-[BOOT HOOKS] SHELL EXEC: light RGB_deinit
|-[BOOT HOOKS] state: True
~~~~~ [PROFILING INFO] - [2] AFTER SAFE BOOT HOOK ~~~~~
stack: 2256 out of 8192
GC: total: 37952, used: 30736, free: 7216
 No. of 1-blocks: 363, 2-blocks: 95, max blk sz: 264, max free sz: 445
~~~~~~~~~~~~~~~~~~~~~~~~~~~~~~
[NW: STA] SET WIFI: elektroncsakpozitivan
        | [NW: STA] CONNECT TO NETWORK elektroncsakpozitivan
        | - [NW: STA] ESSID WAS FOUND True
        | [NW: STA] Waiting for connection... 50/60
        | [NW: STA] Waiting for connection... 49/60
        | [NW: STA] Waiting for connection... 48/60
        | [NW: STA] Waiting for connection... 47/60
        | [NW: STA] Waiting for connection... 46/60
        | [NW: STA] Waiting for connection... 45/60
        | [NW: STA] Waiting for connection... 44/60
[NW: STA] Set device static IP.
        | [NW: STA] DEV. StaticIP: 10.0.1.79
[NW: STA] SET WIFI: elektroncsakpozitivan
        | [NW: STA] CONNECT TO NETWORK elektroncsakpozitivan
        | - [NW: STA] ESSID WAS FOUND True
        | [NW: STA] Waiting for connection... 60/60
        | [NW: STA] Waiting for connection... 59/60
        | [NW: STA] Waiting for connection... 58/60
        | [NW: STA] Waiting for connection... 57/60
        | [NW: STA] Waiting for connection... 56/60
[NW: STA] Set device static IP.
[NW: STA] StaticIP was already set: 10.0.1.79
        |       | [NW: STA] network config: ('10.0.1.79', '255.255.255.0', '10.0.1.1', '10.0.1.1')
        |       | [NW: STA] CONNECTED: True
NTP setup DONE: (2020, 4, 3, 15, 50, 16, 4, 94)
~~~~~ [PROFILING INFO] - [3] AFTER NETWORK CONFIGURATION ~~~~~
stack: 2256 out of 8192
GC: total: 37952, used: 31776, free: 6176
 No. of 1-blocks: 386, 2-blocks: 97, max blk sz: 264, max free sz: 307
~~~~~~~~~~~~~~~~~~~~~~~~~~~~~~
[IRQ] Interrupts was enabled, alloc_emergency_exception_buf=1500
[IRQ] TIMIRQ ENABLED: SEQ: 3000 CBF: system heartbeat
~~~~~ [PROFILING INFO] - [4] AFTER TIMER INTERRUPT SETUP ~~~~~
stack: 2256 out of 8192
GC: total: 37952, used: 33008, free: 4944
 No. of 1-blocks: 318, 2-blocks: 95, max blk sz: 264, max free sz: 126
~~~~~~~~~~~~~~~~~~~~~~~~~~~~~~
[IRQ] EVENTIRQ ENABLED PIN: 12 CBF: light RGB_toggle
~~~~~ [PROFILING INFO] - [5] AFTER EXTERNAL INTERRUPT SETUP ~~~~~
stack: 2256 out of 8192
GC: total: 37952, used: 33840, free: 4112
 No. of 1-blocks: 347, 2-blocks: 98, max blk sz: 264, max free sz: 126
~~~~~~~~~~~~~~~~~~~~~~~~~~~~~~
  [ socket server ] SERVER ADDR: telnet 10.0.1.79 9008
    [ socket server ] Socket bind complete
      [ socket server ] Socket now listening
        [ socket server ] wait to accept a connection - blocking call...

