#########################################################################
                  MICROS 0.1.0.0 - THE FIRST STABLE RELEASE
#########################################################################
Lamp test 100% connection success, 3 fail was caused by client msg retrievel. :D

===========================
R: 50, G: 50 B: 50
CMD: ./socketClient.py --dev Lamp light RGB(50, 50, 50)
===========================
==> EXITCODE: 0				0/1
Load MicrOS device cache: /Users/user/Documents/NodeMcu/MicrOs/tools/../user_data/device_conn_cache.json
Device was found: Lamp
SET RGB
===========================
R: 50, G: 50 B: 150
CMD: ./socketClient.py --dev Lamp light RGB(50, 50, 150)
===========================
==> EXITCODE: 0				0/2
Load MicrOS device cache: /Users/user/Documents/NodeMcu/MicrOs/tools/../user_data/device_conn_cache.json
Device was found: Lamp
SET RGB
===========================
R: 50, G: 50 B: 250
CMD: ./socketClient.py --dev Lamp light RGB(50, 50, 250)
===========================
==> EXITCODE: 0				0/3
Load MicrOS device cache: /Users/user/Documents/NodeMcu/MicrOs/tools/../user_data/device_conn_cache.json
Device was found: Lamp
SET RGB
===========================
R: 50, G: 50 B: 350
CMD: ./socketClient.py --dev Lamp light RGB(50, 50, 350)
===========================
==> EXITCODE: 0				0/4
Load MicrOS device cache: /Users/user/Documents/NodeMcu/MicrOs/tools/../user_data/device_conn_cache.json
Device was found: Lamp
SET RGB
===========================
R: 50, G: 150 B: 50
CMD: ./socketClient.py --dev Lamp light RGB(50, 150, 50)
===========================
==> EXITCODE: 0				0/5
Load MicrOS device cache: /Users/user/Documents/NodeMcu/MicrOs/tools/../user_data/device_conn_cache.json
Device was found: Lamp
SET RGB
===========================
R: 50, G: 150 B: 150
CMD: ./socketClient.py --dev Lamp light RGB(50, 150, 150)
===========================
==> EXITCODE: 0				0/6
Load MicrOS device cache: /Users/user/Documents/NodeMcu/MicrOs/tools/../user_data/device_conn_cache.json
Device was found: Lamp
SET RGB
===========================
R: 50, G: 150 B: 250
CMD: ./socketClient.py --dev Lamp light RGB(50, 150, 250)
===========================
==> EXITCODE: 0				0/7
===> ERR_COUNTER: 0
Load MicrOS device cache: /Users/user/Documents/NodeMcu/MicrOs/tools/../user_data/device_conn_cache.json
Device was found: Lamp
===========================
R: 50, G: 150 B: 350
CMD: ./socketClient.py --dev Lamp light RGB(50, 150, 350)
===========================
==> EXITCODE: 0				1/8
Load MicrOS device cache: /Users/user/Documents/NodeMcu/MicrOs/tools/../user_data/device_conn_cache.json
Device was found: Lamp
SET RGB
===========================
R: 50, G: 250 B: 50
CMD: ./socketClient.py --dev Lamp light RGB(50, 250, 50)
===========================
==> EXITCODE: 0				1/9
Load MicrOS device cache: /Users/user/Documents/NodeMcu/MicrOs/tools/../user_data/device_conn_cache.json
Device was found: Lamp
SET RGB
===========================
R: 50, G: 250 B: 150
CMD: ./socketClient.py --dev Lamp light RGB(50, 250, 150)
===========================
==> EXITCODE: 0				1/10
Load MicrOS device cache: /Users/user/Documents/NodeMcu/MicrOs/tools/../user_data/device_conn_cache.json
Device was found: Lamp
SET RGB
===========================
R: 50, G: 250 B: 250
CMD: ./socketClient.py --dev Lamp light RGB(50, 250, 250)
===========================
==> EXITCODE: 0				1/11
Load MicrOS device cache: /Users/user/Documents/NodeMcu/MicrOs/tools/../user_data/device_conn_cache.json
Device was found: Lamp
SET RGB
===========================
R: 50, G: 250 B: 350
CMD: ./socketClient.py --dev Lamp light RGB(50, 250, 350)
===========================
==> EXITCODE: 0				1/12
Load MicrOS device cache: /Users/user/Documents/NodeMcu/MicrOs/tools/../user_data/device_conn_cache.json
Device was found: Lamp
SET RGB
===========================
R: 50, G: 350 B: 50
CMD: ./socketClient.py --dev Lamp light RGB(50, 350, 50)
===========================
==> EXITCODE: 0				1/13
Load MicrOS device cache: /Users/user/Documents/NodeMcu/MicrOs/tools/../user_data/device_conn_cache.json
Device was found: Lamp
SET RGB
===========================
R: 50, G: 350 B: 150
CMD: ./socketClient.py --dev Lamp light RGB(50, 350, 150)
===========================
==> EXITCODE: 0				1/14
Load MicrOS device cache: /Users/user/Documents/NodeMcu/MicrOs/tools/../user_data/device_conn_cache.json
Device was found: Lamp
SET RGB
===========================
R: 50, G: 350 B: 250
CMD: ./socketClient.py --dev Lamp light RGB(50, 350, 250)
===========================
==> EXITCODE: 0				1/15
Load MicrOS device cache: /Users/user/Documents/NodeMcu/MicrOs/tools/../user_data/device_conn_cache.json
Device was found: Lamp
SET RGB
===========================
R: 50, G: 350 B: 350
CMD: ./socketClient.py --dev Lamp light RGB(50, 350, 350)
===========================
==> EXITCODE: 0				1/16
Load MicrOS device cache: /Users/user/Documents/NodeMcu/MicrOs/tools/../user_data/device_conn_cache.json
Device was found: Lamp
SET RGB
===========================
R: 150, G: 50 B: 50
CMD: ./socketClient.py --dev Lamp light RGB(150, 50, 50)
===========================
==> EXITCODE: 0				1/17
Load MicrOS device cache: /Users/user/Documents/NodeMcu/MicrOs/tools/../user_data/device_conn_cache.json
Device was found: Lamp
SET RGB
===========================
R: 150, G: 50 B: 150
CMD: ./socketClient.py --dev Lamp light RGB(150, 50, 150)
===========================
==> EXITCODE: 0				1/18
Load MicrOS device cache: /Users/user/Documents/NodeMcu/MicrOs/tools/../user_data/device_conn_cache.json
Device was found: Lamp
SET RGB
===========================
R: 150, G: 50 B: 250
CMD: ./socketClient.py --dev Lamp light RGB(150, 50, 250)
===========================
==> EXITCODE: 0				1/19
Load MicrOS device cache: /Users/user/Documents/NodeMcu/MicrOs/tools/../user_data/device_conn_cache.json
Device was found: Lamp
SET RGB
===========================
R: 150, G: 50 B: 350
CMD: ./socketClient.py --dev Lamp light RGB(150, 50, 350)
===========================
==> EXITCODE: 0				1/20
===> ERR_COUNTER: 1
Load MicrOS device cache: /Users/user/Documents/NodeMcu/MicrOs/tools/../user_data/device_conn_cache.json
Device was found: Lamp
===========================
R: 150, G: 150 B: 50
CMD: ./socketClient.py --dev Lamp light RGB(150, 150, 50)
===========================
==> EXITCODE: 0				2/21
Load MicrOS device cache: /Users/user/Documents/NodeMcu/MicrOs/tools/../user_data/device_conn_cache.json
Device was found: Lamp
SET RGB
===========================
R: 150, G: 150 B: 150
CMD: ./socketClient.py --dev Lamp light RGB(150, 150, 150)
===========================
==> EXITCODE: 0				2/22
===> ERR_COUNTER: 2
Load MicrOS device cache: /Users/user/Documents/NodeMcu/MicrOs/tools/../user_data/device_conn_cache.json
Device was found: Lamp
===========================
R: 150, G: 150 B: 250
CMD: ./socketClient.py --dev Lamp light RGB(150, 150, 250)
===========================
==> EXITCODE: 0				3/23
Load MicrOS device cache: /Users/user/Documents/NodeMcu/MicrOs/tools/../user_data/device_conn_cache.json
Device was found: Lamp
SET RGB
===========================
R: 150, G: 150 B: 350
CMD: ./socketClient.py --dev Lamp light RGB(150, 150, 350)
===========================
==> EXITCODE: 0				3/24
Load MicrOS device cache: /Users/user/Documents/NodeMcu/MicrOs/tools/../user_data/device_conn_cache.json
Device was found: Lamp
SET RGB
===========================
R: 150, G: 250 B: 50
CMD: ./socketClient.py --dev Lamp light RGB(150, 250, 50)
===========================
==> EXITCODE: 0				3/25
Load MicrOS device cache: /Users/user/Documents/NodeMcu/MicrOs/tools/../user_data/device_conn_cache.json
Device was found: Lamp
SET RGB
===========================
R: 150, G: 250 B: 150
CMD: ./socketClient.py --dev Lamp light RGB(150, 250, 150)
===========================
==> EXITCODE: 0				3/26
Load MicrOS device cache: /Users/user/Documents/NodeMcu/MicrOs/tools/../user_data/device_conn_cache.json
Device was found: Lamp
SET RGB
===========================
R: 150, G: 250 B: 250
CMD: ./socketClient.py --dev Lamp light RGB(150, 250, 250)
===========================
==> EXITCODE: 0				3/27
Load MicrOS device cache: /Users/user/Documents/NodeMcu/MicrOs/tools/../user_data/device_conn_cache.json
Device was found: Lamp
SET RGB
===========================
R: 150, G: 250 B: 350
CMD: ./socketClient.py --dev Lamp light RGB(150, 250, 350)
===========================
==> EXITCODE: 0				3/28
Load MicrOS device cache: /Users/user/Documents/NodeMcu/MicrOs/tools/../user_data/device_conn_cache.json
Device was found: Lamp
SET RGB
===========================
R: 150, G: 350 B: 50
CMD: ./socketClient.py --dev Lamp light RGB(150, 350, 50)
===========================
==> EXITCODE: 0				3/29
Load MicrOS device cache: /Users/user/Documents/NodeMcu/MicrOs/tools/../user_data/device_conn_cache.json
Device was found: Lamp
SET RGB
===========================
R: 150, G: 350 B: 150
CMD: ./socketClient.py --dev Lamp light RGB(150, 350, 150)
===========================
==> EXITCODE: 0				3/30
Load MicrOS device cache: /Users/user/Documents/NodeMcu/MicrOs/tools/../user_data/device_conn_cache.json
Device was found: Lamp
SET RGB
===========================
R: 150, G: 350 B: 250
CMD: ./socketClient.py --dev Lamp light RGB(150, 350, 250)
===========================
==> EXITCODE: 0				3/31
Load MicrOS device cache: /Users/user/Documents/NodeMcu/MicrOs/tools/../user_data/device_conn_cache.json
Device was found: Lamp
SET RGB
===========================
R: 150, G: 350 B: 350
CMD: ./socketClient.py --dev Lamp light RGB(150, 350, 350)
===========================
==> EXITCODE: 0				3/32
Load MicrOS device cache: /Users/user/Documents/NodeMcu/MicrOs/tools/../user_data/device_conn_cache.json
Device was found: Lamp
SET RGB
===========================
R: 250, G: 50 B: 50
CMD: ./socketClient.py --dev Lamp light RGB(250, 50, 50)
===========================
==> EXITCODE: 0				3/33
Load MicrOS device cache: /Users/user/Documents/NodeMcu/MicrOs/tools/../user_data/device_conn_cache.json
Device was found: Lamp
SET RGB
===========================
R: 250, G: 50 B: 150
CMD: ./socketClient.py --dev Lamp light RGB(250, 50, 150)
===========================
==> EXITCODE: 0				3/34
Load MicrOS device cache: /Users/user/Documents/NodeMcu/MicrOs/tools/../user_data/device_conn_cache.json
Device was found: Lamp
SET RGB
===========================
R: 250, G: 50 B: 250
CMD: ./socketClient.py --dev Lamp light RGB(250, 50, 250)
===========================
==> EXITCODE: 0				3/35
Load MicrOS device cache: /Users/user/Documents/NodeMcu/MicrOs/tools/../user_data/device_conn_cache.json
Device was found: Lamp
SET RGB
===========================
R: 250, G: 50 B: 350
CMD: ./socketClient.py --dev Lamp light RGB(250, 50, 350)
===========================
==> EXITCODE: 0				3/36
Load MicrOS device cache: /Users/user/Documents/NodeMcu/MicrOs/tools/../user_data/device_conn_cache.json
Device was found: Lamp
SET RGB
===========================
R: 250, G: 150 B: 50
CMD: ./socketClient.py --dev Lamp light RGB(250, 150, 50)
===========================
==> EXITCODE: 0				3/37
Load MicrOS device cache: /Users/user/Documents/NodeMcu/MicrOs/tools/../user_data/device_conn_cache.json
Device was found: Lamp
SET RGB
===========================
R: 250, G: 150 B: 150
CMD: ./socketClient.py --dev Lamp light RGB(250, 150, 150)
===========================
==> EXITCODE: 0				3/38
Load MicrOS device cache: /Users/user/Documents/NodeMcu/MicrOs/tools/../user_data/device_conn_cache.json
Device was found: Lamp
SET RGB
===========================
R: 250, G: 150 B: 250
CMD: ./socketClient.py --dev Lamp light RGB(250, 150, 250)
===========================
==> EXITCODE: 0				3/39
Load MicrOS device cache: /Users/user/Documents/NodeMcu/MicrOs/tools/../user_data/device_conn_cache.json
Device was found: Lamp
SET RGB
===========================
R: 250, G: 150 B: 350
CMD: ./socketClient.py --dev Lamp light RGB(250, 150, 350)
===========================
==> EXITCODE: 0				3/40
Load MicrOS device cache: /Users/user/Documents/NodeMcu/MicrOs/tools/../user_data/device_conn_cache.json
Device was found: Lamp
SET RGB
===========================
R: 250, G: 250 B: 50
CMD: ./socketClient.py --dev Lamp light RGB(250, 250, 50)
===========================
==> EXITCODE: 0				3/41
Load MicrOS device cache: /Users/user/Documents/NodeMcu/MicrOs/tools/../user_data/device_conn_cache.json
Device was found: Lamp
SET RGB
===========================
R: 250, G: 250 B: 150
CMD: ./socketClient.py --dev Lamp light RGB(250, 250, 150)
===========================
==> EXITCODE: 0				3/42
Load MicrOS device cache: /Users/user/Documents/NodeMcu/MicrOs/tools/../user_data/device_conn_cache.json
Device was found: Lamp
SET RGB
===========================
R: 250, G: 250 B: 250
CMD: ./socketClient.py --dev Lamp light RGB(250, 250, 250)
===========================
==> EXITCODE: 0				3/43
Load MicrOS device cache: /Users/user/Documents/NodeMcu/MicrOs/tools/../user_data/device_conn_cache.json
Device was found: Lamp
SET RGB
===========================
R: 250, G: 250 B: 350
CMD: ./socketClient.py --dev Lamp light RGB(250, 250, 350)
===========================
==> EXITCODE: 0				3/44
Load MicrOS device cache: /Users/user/Documents/NodeMcu/MicrOs/tools/../user_data/device_conn_cache.json
Device was found: Lamp
SET RGB
===========================
R: 250, G: 350 B: 50
CMD: ./socketClient.py --dev Lamp light RGB(250, 350, 50)
===========================
==> EXITCODE: 0				3/45
Load MicrOS device cache: /Users/user/Documents/NodeMcu/MicrOs/tools/../user_data/device_conn_cache.json
Device was found: Lamp
SET RGB
===========================
R: 250, G: 350 B: 150
CMD: ./socketClient.py --dev Lamp light RGB(250, 350, 150)
===========================
==> EXITCODE: 0				3/46
Load MicrOS device cache: /Users/user/Documents/NodeMcu/MicrOs/tools/../user_data/device_conn_cache.json
Device was found: Lamp
SET RGB
===========================
R: 250, G: 350 B: 250
CMD: ./socketClient.py --dev Lamp light RGB(250, 350, 250)
===========================
==> EXITCODE: 0				3/47
Load MicrOS device cache: /Users/user/Documents/NodeMcu/MicrOs/tools/../user_data/device_conn_cache.json
Device was found: Lamp
SET RGB
===========================
R: 250, G: 350 B: 350
CMD: ./socketClient.py --dev Lamp light RGB(250, 350, 350)
===========================
==> EXITCODE: 0				3/48
Load MicrOS device cache: /Users/user/Documents/NodeMcu/MicrOs/tools/../user_data/device_conn_cache.json
Device was found: Lamp
SET RGB
===========================
R: 350, G: 50 B: 50
CMD: ./socketClient.py --dev Lamp light RGB(350, 50, 50)
===========================
==> EXITCODE: 0				3/49
Load MicrOS device cache: /Users/user/Documents/NodeMcu/MicrOs/tools/../user_data/device_conn_cache.json
Device was found: Lamp
SET RGB
===========================
R: 350, G: 50 B: 150
CMD: ./socketClient.py --dev Lamp light RGB(350, 50, 150)
===========================
==> EXITCODE: 0				3/50
Load MicrOS device cache: /Users/user/Documents/NodeMcu/MicrOs/tools/../user_data/device_conn_cache.json
Device was found: Lamp
SET RGB
===========================
R: 350, G: 50 B: 250
CMD: ./socketClient.py --dev Lamp light RGB(350, 50, 250)
===========================
==> EXITCODE: 0				3/51
Load MicrOS device cache: /Users/user/Documents/NodeMcu/MicrOs/tools/../user_data/device_conn_cache.json
Device was found: Lamp
SET RGB
===========================
R: 350, G: 50 B: 350
CMD: ./socketClient.py --dev Lamp light RGB(350, 50, 350)
===========================
==> EXITCODE: 0				3/52
Load MicrOS device cache: /Users/user/Documents/NodeMcu/MicrOs/tools/../user_data/device_conn_cache.json
Device was found: Lamp
SET RGB
===========================
R: 350, G: 150 B: 50
CMD: ./socketClient.py --dev Lamp light RGB(350, 150, 50)
===========================
==> EXITCODE: 0				3/53
Load MicrOS device cache: /Users/user/Documents/NodeMcu/MicrOs/tools/../user_data/device_conn_cache.json
Device was found: Lamp
SET RGB
===========================
R: 350, G: 150 B: 150
CMD: ./socketClient.py --dev Lamp light RGB(350, 150, 150)
===========================
==> EXITCODE: 0				3/54
Load MicrOS device cache: /Users/user/Documents/NodeMcu/MicrOs/tools/../user_data/device_conn_cache.json
Device was found: Lamp
SET RGB
===========================
R: 350, G: 150 B: 250
CMD: ./socketClient.py --dev Lamp light RGB(350, 150, 250)
===========================
==> EXITCODE: 0				3/55
Load MicrOS device cache: /Users/user/Documents/NodeMcu/MicrOs/tools/../user_data/device_conn_cache.json
Device was found: Lamp
SET RGB
===========================
R: 350, G: 150 B: 350
CMD: ./socketClient.py --dev Lamp light RGB(350, 150, 350)
===========================
==> EXITCODE: 0				3/56
Load MicrOS device cache: /Users/user/Documents/NodeMcu/MicrOs/tools/../user_data/device_conn_cache.json
Device was found: Lamp
SET RGB
===========================
R: 350, G: 250 B: 50
CMD: ./socketClient.py --dev Lamp light RGB(350, 250, 50)
===========================
==> EXITCODE: 0				3/57
Load MicrOS device cache: /Users/user/Documents/NodeMcu/MicrOs/tools/../user_data/device_conn_cache.json
Device was found: Lamp
SET RGB
===========================
R: 350, G: 250 B: 150
CMD: ./socketClient.py --dev Lamp light RGB(350, 250, 150)
===========================
==> EXITCODE: 0				3/58
Load MicrOS device cache: /Users/user/Documents/NodeMcu/MicrOs/tools/../user_data/device_conn_cache.json
Device was found: Lamp
SET RGB
===========================
R: 350, G: 250 B: 250
CMD: ./socketClient.py --dev Lamp light RGB(350, 250, 250)
===========================
==> EXITCODE: 0				3/59
Load MicrOS device cache: /Users/user/Documents/NodeMcu/MicrOs/tools/../user_data/device_conn_cache.json
Device was found: Lamp
SET RGB
===========================
R: 350, G: 250 B: 350
CMD: ./socketClient.py --dev Lamp light RGB(350, 250, 350)
===========================
==> EXITCODE: 0				3/60
Load MicrOS device cache: /Users/user/Documents/NodeMcu/MicrOs/tools/../user_data/device_conn_cache.json
Device was found: Lamp
SET RGB
===========================
R: 350, G: 350 B: 50
CMD: ./socketClient.py --dev Lamp light RGB(350, 350, 50)
===========================
==> EXITCODE: 0				3/61
Load MicrOS device cache: /Users/user/Documents/NodeMcu/MicrOs/tools/../user_data/device_conn_cache.json
Device was found: Lamp
SET RGB
===========================
R: 350, G: 350 B: 150
CMD: ./socketClient.py --dev Lamp light RGB(350, 350, 150)
===========================
==> EXITCODE: 0				3/62
Load MicrOS device cache: /Users/user/Documents/NodeMcu/MicrOs/tools/../user_data/device_conn_cache.json
Device was found: Lamp
SET RGB
===========================
R: 350, G: 350 B: 250
CMD: ./socketClient.py --dev Lamp light RGB(350, 350, 250)
===========================
==> EXITCODE: 0				3/63
Load MicrOS device cache: /Users/user/Documents/NodeMcu/MicrOs/tools/../user_data/device_conn_cache.json
Device was found: Lamp
SET RGB
===========================
R: 350, G: 350 B: 350
CMD: ./socketClient.py --dev Lamp light RGB(350, 350, 350)
===========================
==> EXITCODE: 0				3/64
Load MicrOS device cache: /Users/user/Documents/NodeMcu/MicrOs/tools/../user_data/device_conn_cache.json
Device was found: Lamp
SET RGB
RESULT {err/iter}: 3 / 64
