#########################################################################
                  MICROS 0.1.0.0 - THE FIRST STABLE RELEASE
#########################################################################
MICROS MEMORY USAGE:          ~ 2848 byte [ on nodemcu - esp8266: 38 % ]
MEMORY FREE, BASELOAD:          7328 byte
MEMORY FREE, MICROS BASELOAD:   4480 byte
#########################################################################
                  BOOTLOG WITH lamp-node_confing.json
                    - event interrupt + timer interrupt memory allocation
                    - IRQ callbacks execution
#########################################################################
ýýýpýný{ýýn|ýl$l$`bý2ýý{ýýlýNýýNýl`ýý{ýlý$ýl`ýýrýlý$2ýl`ýýrýlýýý$l`rlýýoýýcýýc|l"ýýýc|ýýýýl$býýnýný[CONFIGHANDLER] inject config:
{'timirqseq': 3000, 'extirqcbf': 'light RGB_toggle', 'extirq': True, 'irqmembuf': 1000, 'gmttime': 1, 'devfid': 'lamp', 'hwuid': 'n/a', 'version': '0.1.0.0', 'stapwd': 'your-wifi-password', 'appwd': 'ADmin123', 'timirqcbf': 'system heartbeat', 'staessid': 'your-wifi-name', 'soctout': 100, 'devip': 'n/a', 'boothook': 'light RGB_deinit', 'timirq': True, 'pled': True, 'dbg': True, 'nwmd': 'STA', 'socport': 9008}
[CONFIGHANDLER] Inject default data struct successful
[ socket server ] <<constructor>>
~~~~~ [PROFILING INFO] - [0] AFTER SOCKET SERVER CREATION ~~~~~
stack: 2864 out of 8192
GC: total: 37952, used: 30624, free: 7328
 No. of 1-blocks: 335, 2-blocks: 88, max blk sz: 264, max free sz: 458
~~~~~~~~~~~~~~~~~~~~~~~~~~~~~~
~~~~~ [PROFILING INFO] - [1] MAIN BASELOAD ~~~~~
stack: 2256 out of 8192
GC: total: 37952, used: 31072, free: 6880
 No. of 1-blocks: 355, 2-blocks: 90, max blk sz: 264, max free sz: 430
~~~~~~~~~~~~~~~~~~~~~~~~~~~~~~
[BOOT HOOKS] EXECUTION...
|-[BOOT HOOKS] SHELL EXEC: light RGB_deinit
|-[BOOT HOOKS] state: True
~~~~~ [PROFILING INFO] - [2] AFTER SAFE BOOT HOOK ~~~~~
stack: 2256 out of 8192
GC: total: 37952, used: 31072, free: 6880
 No. of 1-blocks: 370, 2-blocks: 93, max blk sz: 264, max free sz: 429
~~~~~~~~~~~~~~~~~~~~~~~~~~~~~~
[NW: STA] SET WIFI: elektroncsakpozitivan
        | [NW: STA] CONNECT TO NETWORK elektroncsakpozitivan
        | - [NW: STA] ESSID WAS FOUND True
        | [NW: STA] Waiting for connection... 60/60
        | [NW: STA] Waiting for connection... 59/60
        | [NW: STA] Waiting for connection... 58/60
        | [NW: STA] Waiting for connection... 57/60
        | [NW: STA] Waiting for connection... 56/60
        | [NW: STA] Waiting for connection... 55/60
        | [NW: STA] Waiting for connection... 54/60
        | [NW: STA] Waiting for connection... 53/60
        | [NW: STA] Waiting for connection... 52/60
        | [NW: STA] Waiting for connection... 51/60
        | [NW: STA] Waiting for connection... 50/60
        | [NW: STA] Waiting for connection... 49/60
[NW: STA] Set device static IP.
        | [NW: STA] DEV. StaticIP: <devip>
[NW: STA] SET WIFI: elektroncsakpozitivan
        | [NW: STA] CONNECT TO NETWORK elektroncsakpozitivan
        | - [NW: STA] ESSID WAS FOUND True
        | [NW: STA] Waiting for connection... 60/60
        | [NW: STA] Waiting for connection... 59/60
        | [NW: STA] Waiting for connection... 58/60
        | [NW: STA] Waiting for connection... 57/60
        | [NW: STA] Waiting for connection... 56/60
[NW: STA] Set device static IP.
[NW: STA] StaticIP was already set: <devip>
        |       | [NW: STA] network config: ('<devip>', '<mask>', '<router>', '<gateway>')
        |       | [NW: STA] CONNECTED: True
NTP setup DONE: (2020, 4, 5, 13, 50, 28, 6, 96)
~~~~~ [PROFILING INFO] - [3] AFTER NETWORK CONFIGURATION ~~~~~
stack: 2256 out of 8192
GC: total: 37952, used: 31264, free: 6688
 No. of 1-blocks: 364, 2-blocks: 95, max blk sz: 264, max free sz: 418
~~~~~~~~~~~~~~~~~~~~~~~~~~~~~~
[IRQ] Interrupts was enabled, alloc_emergency_exception_buf=1500
[IRQ] TIMIRQ ENABLED: SEQ: 3000 CBF: system heartbeat
~~~~~ [PROFILING INFO] - [4] AFTER TIMER INTERRUPT SETUP ~~~~~
stack: 2256 out of 8192
GC: total: 37952, used: 33296, free: 4656
 No. of 1-blocks: 323, 2-blocks: 91, max blk sz: 264, max free sz: 142
~~~~~~~~~~~~~~~~~~~~~~~~~~~~~~
[IRQ] EVENTIRQ ENABLED PIN: 12 CBF: light RGB_toggle
~~~~~ [PROFILING INFO] - [5] AFTER EXTERNAL INTERRUPT SETUP ~~~~~
stack: 2256 out of 8192
GC: total: 37952, used: 33472, free: 4480
 No. of 1-blocks: 334, 2-blocks: 91, max blk sz: 264, max free sz: 194
~~~~~~~~~~~~~~~~~~~~~~~~~~~~~~
  [ socket server ] SERVER ADDR: telnet <devip> <socport>
    [ socket server ] Socket bind complete
      [ socket server ] Socket now listening
        [ socket server ] wait to accept a connection - blocking call...

